<?xml version="1.0" encoding="UTF-8"?>
<!-- Generated by org.testng.reporters.JUnitXMLReporter -->
<testsuite hostname="Niranjani-PC" name="Default test" tests="1" failures="0" timestamp="3 Aug 2021 06:14:45 GMT" time="0.167" errors="0">
  <testcase name="@BeforeTest Before" time="0.0" classname="testCases.IssueTestCases">
    <failure type="java.lang.NullPointerException">
      <![CDATA[java.lang.NullPointerException
	at utility.Constant.captureScreen_Negative(Constant.java:161)
	at pages.LoginPage.login(LoginPage.java:69)
	at testCases.IssueTestCases.Before(IssueTestCases.java:64)
	at sun.reflect.NativeMethodAccessorImpl.invoke0(Native Method)
	at sun.reflect.NativeMethodAccessorImpl.invoke(Unknown Source)
	at sun.reflect.DelegatingMethodAccessorImpl.invoke(Unknown Source)
	at java.lang.reflect.Method.invoke(Unknown Source)
	at org.testng.internal.MethodInvocationHelper.invokeMethod(MethodInvocationHelper.java:85)
	at org.testng.internal.Invoker.invokeConfigurationMethod(Invoker.java:510)
	at org.testng.internal.Invoker.invokeConfigurations(Invoker.java:211)
	at org.testng.internal.Invoker.invokeConfigurations(Invoker.java:138)
	at org.testng.TestRunner.beforeRun(TestRunner.java:648)
	at org.testng.TestRunner.run(TestRunner.java:616)
	at org.testng.SuiteRunner.runTest(SuiteRunner.java:359)
	at org.testng.SuiteRunner.runSequentially(SuiteRunner.java:354)
	at org.testng.SuiteRunner.privateRun(SuiteRunner.java:312)
	at org.testng.SuiteRunner.run(SuiteRunner.java:261)
	at org.testng.SuiteRunnerWorker.runSuite(SuiteRunnerWorker.java:52)
	at org.testng.SuiteRunnerWorker.run(SuiteRunnerWorker.java:86)
	at org.testng.TestNG.runSuitesSequentially(TestNG.java:1215)
	at org.testng.TestNG.runSuitesLocally(TestNG.java:1140)
	at org.testng.TestNG.run(TestNG.java:1048)
	at org.testng.remote.RemoteTestNG.run(RemoteTestNG.java:112)
	at org.testng.remote.RemoteTestNG.initAndRun(RemoteTestNG.java:205)
	at org.testng.remote.RemoteTestNG.main(RemoteTestNG.java:176)
]]>
    </failure>
  </testcase> <!-- @BeforeTest Before -->
  <testcase name="@BeforeMethod BeforeClass" time="0.0" classname="testCases.IssueTestCases">
    <skipped/>
  </testcase> <!-- @BeforeMethod BeforeClass -->
  <testcase name="@AfterMethod After" time="0.0" classname="testCases.IssueTestCases">
    <skipped/>
  </testcase> <!-- @AfterMethod After -->
  <testcase name="@AfterTest AfterClass" time="0.0" classname="testCases.IssueTestCases">
    <skipped/>
  </testcase> <!-- @AfterTest AfterClass -->
  <testcase name="Test040_UpdateIssue_AddNDeleteMat" time="0.001" classname="testCases.IssueTestCases">
    <skipped/>
  </testcase> <!-- Test040_UpdateIssue_AddNDeleteMat -->
</testsuite> <!-- Default test -->
